# JRE version: OpenJDK Runtime Environment Temurin-21.0.8+9 (21.0.8+9) (build 21.0.8+9-LTS)
# Java VM: OpenJDK 64-Bit Server VM Temurin-21.0.8+9 (21.0.8+9-LTS, mixed mode, sharing, tiered, compressed oops, compressed class ptrs, parallel gc, windows-amd64)
GC Precious Log:
 CardTable entry size: 512
 CPUs: 8 total, 8 available
 Memory: 20122M
 Large Page Support: Disabled
 NUMA Support: Disabled
 Compressed Oops: Enabled (32-bit)
 Alignments: Space 512K, Generation 512K, Heap 2M
 Heap Min Capacity: 100M
 Heap Initial Capacity: 100M
 Heap Max Capacity: 2G
 Pre-touch: Disabled
 Parallel Workers: 8
Heap:
 PSYoungGen      total 5632K, used 4393K [0x00000000d5580000, 0x00000000d5f00000, 0x0000000100000000)
  eden space 5120K, 78% used [0x00000000d5580000,0x00000000d596a6f0,0x00000000d5a80000)
  from space 512K, 75% used [0x00000000d5e00000,0x00000000d5e60000,0x00000000d5e80000)
  to   space 512K, 0% used [0x00000000d5e80000,0x00000000d5e80000,0x00000000d5f00000)
 ParOldGen       total 783872K, used 104571K [0x0000000080000000, 0x00000000afd80000, 0x00000000d5580000)
  object space 783872K, 13% used [0x0000000080000000,0x000000008661ec50,0x00000000afd80000)
 Metaspace       used 88776K, committed 90176K, reserved 1179648K
  class space    used 8423K, committed 9024K, reserved 1048576K
GC Heap History (20 events):
Event: 4191.466 GC heap before
{Heap before GC invocations=960 (full 4):
 PSYoungGen      total 5632K, used 5620K [0x00000000d5580000, 0x00000000d6680000, 0x0000000100000000)
  eden space 5120K, 100% used [0x00000000d5580000,0x00000000d5a80000,0x00000000d5a80000)
  from space 512K, 97% used [0x00000000d5c80000,0x00000000d5cfd2e0,0x00000000d5d00000)
  to   space 6144K, 0% used [0x00000000d6080000,0x00000000d6080000,0x00000000d6680000)
 ParOldGen       total 783872K, used 100546K [0x0000000080000000, 0x00000000afd80000, 0x00000000d5580000)
  object space 783872K, 12% used [0x0000000080000000,0x0000000086230bf0,0x00000000afd80000)
 Metaspace       used 86521K, committed 88064K, reserved 1179648K
  class space    used 8209K, committed 8896K, reserved 1048576K
}
Event: 4191.467 GC heap after
{Heap after GC invocations=960 (full 4):
 PSYoungGen      total 7680K, used 2118K [0x00000000d5580000, 0x00000000d6300000, 0x0000000100000000)
  eden space 5120K, 0% used [0x00000000d5580000,0x00000000d5580000,0x00000000d5a80000)
  from space 2560K, 82% used [0x00000000d6080000,0x00000000d6291af0,0x00000000d6300000)
  to   space 3584K, 0% used [0x00000000d5c00000,0x00000000d5c00000,0x00000000d5f80000)
 ParOldGen       total 783872K, used 100635K [0x0000000080000000, 0x00000000afd80000, 0x00000000d5580000)
  object space 783872K, 12% used [0x0000000080000000,0x0000000086246c00,0x00000000afd80000)
 Metaspace       used 86521K, committed 88064K, reserved 1179648K
  class space    used 8209K, committed 8896K, reserved 1048576K
}
Event: 8616.491 GC heap before
{Heap before GC invocations=961 (full 4):
 PSYoungGen      total 7680K, used 7238K [0x00000000d5580000, 0x00000000d6300000, 0x0000000100000000)
  eden space 5120K, 100% used [0x00000000d5580000,0x00000000d5a80000,0x00000000d5a80000)
  from space 2560K, 82% used [0x00000000d6080000,0x00000000d6291af0,0x00000000d6300000)
  to   space 3584K, 0% used [0x00000000d5c00000,0x00000000d5c00000,0x00000000d5f80000)
 ParOldGen       total 783872K, used 100635K [0x0000000080000000, 0x00000000afd80000, 0x00000000d5580000)
  object space 783872K, 12% used [0x0000000080000000,0x0000000086246c00,0x00000000afd80000)
 Metaspace       used 86556K, committed 88064K, reserved 1179648K
  class space    used 8209K, committed 8896K, reserved 1048576K
}
Event: 8616.495 GC heap after
{Heap after GC invocations=961 (full 4):
 PSYoungGen      total 7680K, used 2096K [0x00000000d5580000, 0x00000000d6100000, 0x0000000100000000)
  eden space 5120K, 0% used [0x00000000d5580000,0x00000000d5580000,0x00000000d5a80000)
  from space 2560K, 81% used [0x00000000d5c00000,0x00000000d5e0c020,0x00000000d5e80000)
  to   space 2560K, 0% used [0x00000000d5e80000,0x00000000d5e80000,0x00000000d6100000)
 ParOldGen       total 783872K, used 102059K [0x0000000080000000, 0x00000000afd80000, 0x00000000d5580000)
  object space 783872K, 13% used [0x0000000080000000,0x00000000863aac00,0x00000000afd80000)
 Metaspace       used 86556K, committed 88064K, reserved 1179648K
  class space    used 8209K, committed 8896K, reserved 1048576K
}
Event: 8624.683 GC heap before
{Heap before GC invocations=962 (full 4):
 PSYoungGen      total 7680K, used 7216K [0x00000000d5580000, 0x00000000d6100000, 0x0000000100000000)
  eden space 5120K, 100% used [0x00000000d5580000,0x00000000d5a80000,0x00000000d5a80000)
  from space 2560K, 81% used [0x00000000d5c00000,0x00000000d5e0c020,0x00000000d5e80000)
  to   space 2560K, 0% used [0x00000000d5e80000,0x00000000d5e80000,0x00000000d6100000)
 ParOldGen       total 783872K, used 102059K [0x0000000080000000, 0x00000000afd80000, 0x00000000d5580000)
  object space 783872K, 13% used [0x0000000080000000,0x00000000863aac00,0x00000000afd80000)
 Metaspace       used 86576K, committed 88064K, reserved 1179648K
  class space    used 8209K, committed 8896K, reserved 1048576K
}
Event: 8624.684 GC heap after
{Heap after GC invocations=962 (full 4):
 PSYoungGen      total 5632K, used 224K [0x00000000d5580000, 0x00000000d5f00000, 0x0000000100000000)
  eden space 5120K, 0% used [0x00000000d5580000,0x00000000d5580000,0x00000000d5a80000)
  from space 512K, 43% used [0x00000000d5e80000,0x00000000d5eb8000,0x00000000d5f00000)
  to   space 1024K, 0% used [0x00000000d5d00000,0x00000000d5d00000,0x00000000d5e00000)
 ParOldGen       total 783872K, used 103971K [0x0000000080000000, 0x00000000afd80000, 0x00000000d5580000)
  object space 783872K, 13% used [0x0000000080000000,0x0000000086588c20,0x00000000afd80000)
 Metaspace       used 86576K, committed 88064K, reserved 1179648K
  class space    used 8209K, committed 8896K, reserved 1048576K
}
Event: 8673.029 GC heap before
{Heap before GC invocations=963 (full 4):
 PSYoungGen      total 5632K, used 5344K [0x00000000d5580000, 0x00000000d5f00000, 0x0000000100000000)
  eden space 5120K, 100% used [0x00000000d5580000,0x00000000d5a80000,0x00000000d5a80000)
  from space 512K, 43% used [0x00000000d5e80000,0x00000000d5eb8000,0x00000000d5f00000)
  to   space 1024K, 0% used [0x00000000d5d00000,0x00000000d5d00000,0x00000000d5e00000)
 ParOldGen       total 783872K, used 103971K [0x0000000080000000, 0x00000000afd80000, 0x00000000d5580000)
  object space 783872K, 13% used [0x0000000080000000,0x0000000086588c20,0x00000000afd80000)
 Metaspace       used 86935K, committed 88256K, reserved 1179648K
  class space    used 8263K, committed 8896K, reserved 1048576K
}
Event: 8673.030 GC heap after
{Heap after GC invocations=963 (full 4):
 PSYoungGen      total 6144K, used 256K [0x00000000d5580000, 0x00000000d5f00000, 0x0000000100000000)
  eden space 5120K, 0% used [0x00000000d5580000,0x00000000d5580000,0x00000000d5a80000)
  from space 1024K, 25% used [0x00000000d5d00000,0x00000000d5d40000,0x00000000d5e00000)
  to   space 512K, 0% used [0x00000000d5e80000,0x00000000d5e80000,0x00000000d5f00000)
 ParOldGen       total 783872K, used 104019K [0x0000000080000000, 0x00000000afd80000, 0x00000000d5580000)
  object space 783872K, 13% used [0x0000000080000000,0x0000000086594c30,0x00000000afd80000)
 Metaspace       used 86935K, committed 88256K, reserved 1179648K
  class space    used 8263K, committed 8896K, reserved 1048576K
}
Event: 8673.096 GC heap before
{Heap before GC invocations=964 (full 4):
 PSYoungGen      total 6144K, used 5376K [0x00000000d5580000, 0x00000000d5f00000, 0x0000000100000000)
  eden space 5120K, 100% used [0x00000000d5580000,0x00000000d5a80000,0x00000000d5a80000)
  from space 1024K, 25% used [0x00000000d5d00000,0x00000000d5d40000,0x00000000d5e00000)
  to   space 512K, 0% used [0x00000000d5e80000,0x00000000d5e80000,0x00000000d5f00000)
 ParOldGen       total 783872K, used 104019K [0x0000000080000000, 0x00000000afd80000, 0x00000000d5580000)
  object space 783872K, 13% used [0x0000000080000000,0x0000000086594c30,0x00000000afd80000)
 Metaspace       used 87976K, committed 89216K, reserved 1179648K
  class space    used 8357K, committed 8896K, reserved 1048576K
}
Event: 8673.097 GC heap after
{Heap after GC invocations=964 (full 4):
 PSYoungGen      total 5632K, used 272K [0x00000000d5580000, 0x00000000d5f00000, 0x0000000100000000)
  eden space 5120K, 0% used [0x00000000d5580000,0x00000000d5580000,0x00000000d5a80000)
  from space 512K, 53% used [0x00000000d5e80000,0x00000000d5ec4010,0x00000000d5f00000)
  to   space 512K, 0% used [0x00000000d5e00000,0x00000000d5e00000,0x00000000d5e80000)
 ParOldGen       total 783872K, used 104107K [0x0000000080000000, 0x00000000afd80000, 0x00000000d5580000)
  object space 783872K, 13% used [0x0000000080000000,0x00000000865aac30,0x00000000afd80000)
 Metaspace       used 87976K, committed 89216K, reserved 1179648K
  class space    used 8357K, committed 8896K, reserved 1048576K
}
Event: 8673.392 GC heap before
{Heap before GC invocations=965 (full 4):
 PSYoungGen      total 5632K, used 5392K [0x00000000d5580000, 0x00000000d5f00000, 0x0000000100000000)
  eden space 5120K, 100% used [0x00000000d5580000,0x00000000d5a80000,0x00000000d5a80000)
  from space 512K, 53% used [0x00000000d5e80000,0x00000000d5ec4010,0x00000000d5f00000)
  to   space 512K, 0% used [0x00000000d5e00000,0x00000000d5e00000,0x00000000d5e80000)
 ParOldGen       total 783872K, used 104107K [0x0000000080000000, 0x00000000afd80000, 0x00000000d5580000)
  object space 783872K, 13% used [0x0000000080000000,0x00000000865aac30,0x00000000afd80000)
 Metaspace       used 88632K, committed 89920K, reserved 1179648K
  class space    used 8417K, committed 9024K, reserved 1048576K
}
Event: 8673.393 GC heap after
{Heap after GC invocations=965 (full 4):
 PSYoungGen      total 5632K, used 336K [0x00000000d5580000, 0x00000000d5f00000, 0x0000000100000000)
  eden space 5120K, 0% used [0x00000000d5580000,0x00000000d5580000,0x00000000d5a80000)
  from space 512K, 65% used [0x00000000d5e00000,0x00000000d5e54010,0x00000000d5e80000)
  to   space 512K, 0% used [0x00000000d5e80000,0x00000000d5e80000,0x00000000d5f00000)
 ParOldGen       total 783872K, used 104219K [0x0000000080000000, 0x00000000afd80000, 0x00000000d5580000)
  object space 783872K, 13% used [0x0000000080000000,0x00000000865c6c30,0x00000000afd80000)
 Metaspace       used 88632K, committed 89920K, reserved 1179648K
  class space    used 8417K, committed 9024K, reserved 1048576K
}
Event: 8684.583 GC heap before
{Heap before GC invocations=966 (full 4):
 PSYoungGen      total 5632K, used 5456K [0x00000000d5580000, 0x00000000d5f00000, 0x0000000100000000)
  eden space 5120K, 100% used [0x00000000d5580000,0x00000000d5a80000,0x00000000d5a80000)
  from space 512K, 65% used [0x00000000d5e00000,0x00000000d5e54010,0x00000000d5e80000)
  to   space 512K, 0% used [0x00000000d5e80000,0x00000000d5e80000,0x00000000d5f00000)
 ParOldGen       total 783872K, used 104219K [0x0000000080000000, 0x00000000afd80000, 0x00000000d5580000)
  object space 783872K, 13% used [0x0000000080000000,0x00000000865c6c30,0x00000000afd80000)
 Metaspace       used 88682K, committed 89984K, reserved 1179648K
  class space    used 8422K, committed 9024K, reserved 1048576K
}
Event: 8684.583 GC heap after
{Heap after GC invocations=966 (full 4):
 PSYoungGen      total 5632K, used 432K [0x00000000d5580000, 0x00000000d5f00000, 0x0000000100000000)
  eden space 5120K, 0% used [0x00000000d5580000,0x00000000d5580000,0x00000000d5a80000)
  from space 512K, 84% used [0x00000000d5e80000,0x00000000d5eec030,0x00000000d5f00000)
  to   space 512K, 0% used [0x00000000d5e00000,0x00000000d5e00000,0x00000000d5e80000)
 ParOldGen       total 783872K, used 104339K [0x0000000080000000, 0x00000000afd80000, 0x00000000d5580000)
  object space 783872K, 13% used [0x0000000080000000,0x00000000865e4c30,0x00000000afd80000)
 Metaspace       used 88682K, committed 89984K, reserved 1179648K
  class space    used 8422K, committed 9024K, reserved 1048576K
}
Event: 8685.319 GC heap before
{Heap before GC invocations=967 (full 4):
 PSYoungGen      total 5632K, used 5552K [0x00000000d5580000, 0x00000000d5f00000, 0x0000000100000000)
  eden space 5120K, 100% used [0x00000000d5580000,0x00000000d5a80000,0x00000000d5a80000)
  from space 512K, 84% used [0x00000000d5e80000,0x00000000d5eec030,0x00000000d5f00000)
  to   space 512K, 0% used [0x00000000d5e00000,0x00000000d5e00000,0x00000000d5e80000)
 ParOldGen       total 783872K, used 104339K [0x0000000080000000, 0x00000000afd80000, 0x00000000d5580000)
  object space 783872K, 13% used [0x0000000080000000,0x00000000865e4c30,0x00000000afd80000)
 Metaspace       used 88714K, committed 89984K, reserved 1179648K
  class space    used 8422K, committed 9024K, reserved 1048576K
}
Event: 8685.319 GC heap after
{Heap after GC invocations=967 (full 4):
 PSYoungGen      total 5632K, used 384K [0x00000000d5580000, 0x00000000d5f00000, 0x0000000100000000)
  eden space 5120K, 0% used [0x00000000d5580000,0x00000000d5580000,0x00000000d5a80000)
  from space 512K, 75% used [0x00000000d5e00000,0x00000000d5e60000,0x00000000d5e80000)
  to   space 512K, 0% used [0x00000000d5e80000,0x00000000d5e80000,0x00000000d5f00000)
 ParOldGen       total 783872K, used 104467K [0x0000000080000000, 0x00000000afd80000, 0x00000000d5580000)
  object space 783872K, 13% used [0x0000000080000000,0x0000000086604c50,0x00000000afd80000)
 Metaspace       used 88714K, committed 89984K, reserved 1179648K
  class space    used 8422K, committed 9024K, reserved 1048576K
}
Event: 8699.352 GC heap before
{Heap before GC invocations=968 (full 4):
 PSYoungGen      total 5632K, used 5504K [0x00000000d5580000, 0x00000000d5f00000, 0x0000000100000000)
  eden space 5120K, 100% used [0x00000000d5580000,0x00000000d5a80000,0x00000000d5a80000)
  from space 512K, 75% used [0x00000000d5e00000,0x00000000d5e60000,0x00000000d5e80000)
  to   space 512K, 0% used [0x00000000d5e80000,0x00000000d5e80000,0x00000000d5f00000)
 ParOldGen       total 783872K, used 104467K [0x0000000080000000, 0x00000000afd80000, 0x00000000d5580000)
  object space 783872K, 13% used [0x0000000080000000,0x0000000086604c50,0x00000000afd80000)
 Metaspace       used 88737K, committed 90048K, reserved 1179648K
  class space    used 8422K, committed 9024K, reserved 1048576K
}
Event: 8699.353 GC heap after
{Heap after GC invocations=968 (full 4):
 PSYoungGen      total 5632K, used 256K [0x00000000d5580000, 0x00000000d5f00000, 0x0000000100000000)
  eden space 5120K, 0% used [0x00000000d5580000,0x00000000d5580000,0x00000000d5a80000)
  from space 512K, 50% used [0x00000000d5e80000,0x00000000d5ec0000,0x00000000d5f00000)
  to   space 512K, 0% used [0x00000000d5e00000,0x00000000d5e00000,0x00000000d5e80000)
 ParOldGen       total 783872K, used 104491K [0x0000000080000000, 0x00000000afd80000, 0x00000000d5580000)
  object space 783872K, 13% used [0x0000000080000000,0x000000008660ac50,0x00000000afd80000)
 Metaspace       used 88737K, committed 90048K, reserved 1179648K
  class space    used 8422K, committed 9024K, reserved 1048576K
}
Event: 8713.526 GC heap before
{Heap before GC invocations=969 (full 4):
 PSYoungGen      total 5632K, used 5376K [0x00000000d5580000, 0x00000000d5f00000, 0x0000000100000000)
  eden space 5120K, 100% used [0x00000000d5580000,0x00000000d5a80000,0x00000000d5a80000)
  from space 512K, 50% used [0x00000000d5e80000,0x00000000d5ec0000,0x00000000d5f00000)
  to   space 512K, 0% used [0x00000000d5e00000,0x00000000d5e00000,0x00000000d5e80000)
 ParOldGen       total 783872K, used 104491K [0x0000000080000000, 0x00000000afd80000, 0x00000000d5580000)
  object space 783872K, 13% used [0x0000000080000000,0x000000008660ac50,0x00000000afd80000)
 Metaspace       used 88743K, committed 90048K, reserved 1179648K
  class space    used 8422K, committed 9024K, reserved 1048576K
}
Event: 8713.527 GC heap after
{Heap after GC invocations=969 (full 4):
 PSYoungGen      total 5632K, used 384K [0x00000000d5580000, 0x00000000d5f00000, 0x0000000100000000)
  eden space 5120K, 0% used [0x00000000d5580000,0x00000000d5580000,0x00000000d5a80000)
  from space 512K, 75% used [0x00000000d5e00000,0x00000000d5e60000,0x00000000d5e80000)
  to   space 512K, 0% used [0x00000000d5e80000,0x00000000d5e80000,0x00000000d5f00000)
 ParOldGen       total 783872K, used 104571K [0x0000000080000000, 0x00000000afd80000, 0x00000000d5580000)
  object space 783872K, 13% used [0x0000000080000000,0x000000008661ec50,0x00000000afd80000)
 Metaspace       used 88743K, committed 90048K, reserved 1179648K
  class space    used 8422K, committed 9024K, reserved 1048576K
}

